# JRE version: OpenJDK Runtime Environment (15.0+36) (build 15+36-1562)
# Java VM: OpenJDK 64-Bit Server VM (15+36-1562, mixed mode, sharing, tiered, compressed oops, g1 gc, bsd-amd64)
GC Precious Log:
 CPUs: 4 total, 4 available
 Memory: 8192M
 Large Page Support: Disabled
 NUMA Support: Disabled
 Compressed Oops: Enabled (Zero based)
 Heap Region Size: 1M
 Heap Min Capacity: 8M
 Heap Initial Capacity: 128M
 Heap Max Capacity: 2G
 Pre-touch: Disabled
 Parallel Workers: 4
 Concurrent Workers: 1
 Concurrent Refinement Workers: 4
 Periodic GC: Disabled
Heap:
 garbage-first heap   total 133120K, used 29551K [0x0000000780000000, 0x0000000800000000)
  region size 1024K, 13 young (13312K), 3 survivors (3072K)
 Metaspace       used 10341K, capacity 10536K, committed 10752K, reserved 1058816K
  class space    used 1141K, capacity 1209K, committed 1280K, reserved 1048576K
GC Heap History (6 events):
Event: 1.390 GC heap before
{Heap before GC invocations=0 (full 0):
 garbage-first heap   total 133120K, used 14120K [0x0000000780000000, 0x0000000800000000)
  region size 1024K, 13 young (13312K), 0 survivors (0K)
 Metaspace       used 747K, capacity 4483K, committed 4864K, reserved 1056768K
  class space    used 45K, capacity 385K, committed 512K, reserved 1048576K
}
Event: 1.396 GC heap after
{Heap after GC invocations=1 (full 0):
 garbage-first heap   total 133120K, used 10765K [0x0000000780000000, 0x0000000800000000)
  region size 1024K, 2 young (2048K), 2 survivors (2048K)
 Metaspace       used 747K, capacity 4483K, committed 4864K, reserved 1056768K
  class space    used 45K, capacity 385K, committed 512K, reserved 1048576K
}
Event: 1.726 GC heap before
{Heap before GC invocations=1 (full 0):
 garbage-first heap   total 133120K, used 17933K [0x0000000780000000, 0x0000000800000000)
  region size 1024K, 9 young (9216K), 2 survivors (2048K)
 Metaspace       used 1985K, capacity 4853K, committed 5120K, reserved 1056768K
  class space    used 156K, capacity 427K, committed 512K, reserved 1048576K
}
Event: 1.729 GC heap after
{Heap after GC invocations=2 (full 0):
 garbage-first heap   total 133120K, used 13331K [0x0000000780000000, 0x0000000800000000)
  region size 1024K, 2 young (2048K), 2 survivors (2048K)
 Metaspace       used 1985K, capacity 4853K, committed 5120K, reserved 1056768K
  class space    used 156K, capacity 427K, committed 512K, reserved 1048576K
}
Event: 3.369 GC heap before
{Heap before GC invocations=2 (full 0):
 garbage-first heap   total 133120K, used 28691K [0x0000000780000000, 0x0000000800000000)
  region size 1024K, 17 young (17408K), 2 survivors (2048K)
 Metaspace       used 4928K, capacity 6349K, committed 6656K, reserved 1056768K
  class space    used 494K, capacity 627K, committed 768K, reserved 1048576K
}
Event: 3.372 GC heap after
{Heap after GC invocations=3 (full 0):
 garbage-first heap   total 133120K, used 17263K [0x0000000780000000, 0x0000000800000000)
  region size 1024K, 3 young (3072K), 3 survivors (3072K)
 Metaspace       used 4928K, capacity 6349K, committed 6656K, reserved 1056768K
  class space    used 494K, capacity 627K, committed 768K, reserved 1048576K
}

